2025-08-11 00:00:22 [restartedMain] INFO  c.n.thucduong.ThucduongApplication - Starting ThucduongApplication using Java 23.0.1 with PID 13760 (C:\Users\ADMIN\OneDrive\Desktop\thucduong\target\classes started by ADMIN in C:\Users\ADMIN\OneDrive\Desktop\thucduong)
2025-08-11 00:00:22 [restartedMain] DEBUG c.n.thucduong.ThucduongApplication - Running with Spring Boot v3.2.0, Spring v6.1.1
2025-08-11 00:00:22 [restartedMain] INFO  c.n.thucduong.ThucduongApplication - No active profile set, falling back to 1 default profile: "default"
2025-08-11 00:00:22 [restartedMain] INFO  o.s.b.d.e.DevToolsPropertyDefaultsPostProcessor - Devtools property defaults active! Set 'spring.devtools.add-properties' to 'false' to disable
2025-08-11 00:00:22 [restartedMain] INFO  o.s.b.d.e.DevToolsPropertyDefaultsPostProcessor - For additional web related logging consider setting the 'logging.level.web' property to 'DEBUG'
2025-08-11 00:00:23 [restartedMain] INFO  o.s.d.r.c.RepositoryConfigurationDelegate - Multiple Spring Data modules found, entering strict repository configuration mode
2025-08-11 00:00:23 [restartedMain] INFO  o.s.d.r.c.RepositoryConfigurationDelegate - Bootstrapping Spring Data MongoDB repositories in DEFAULT mode.
2025-08-11 00:00:23 [restartedMain] INFO  o.s.d.r.c.RepositoryConfigurationDelegate - Finished Spring Data repository scanning in 77 ms. Found 3 MongoDB repository interfaces.
2025-08-11 00:00:23 [restartedMain] INFO  o.s.d.r.c.RepositoryConfigurationDelegate - Multiple Spring Data modules found, entering strict repository configuration mode
2025-08-11 00:00:23 [restartedMain] INFO  o.s.d.r.c.RepositoryConfigurationDelegate - Bootstrapping Spring Data Redis repositories in DEFAULT mode.
2025-08-11 00:00:23 [restartedMain] INFO  o.s.d.r.c.RepositoryConfigurationExtensionSupport - Spring Data Redis - Could not safely identify store assignment for repository candidate interface com.nepnhaxua.thucduong.repository.BodyHealthMapRepository; If you want this repository to be a Redis repository, consider annotating your entities with one of these annotations: org.springframework.data.redis.core.RedisHash (preferred), or consider extending one of the following types with your repository: org.springframework.data.keyvalue.repository.KeyValueRepository
2025-08-11 00:00:23 [restartedMain] INFO  o.s.d.r.c.RepositoryConfigurationExtensionSupport - Spring Data Redis - Could not safely identify store assignment for repository candidate interface com.nepnhaxua.thucduong.repository.ProductRepository; If you want this repository to be a Redis repository, consider annotating your entities with one of these annotations: org.springframework.data.redis.core.RedisHash (preferred), or consider extending one of the following types with your repository: org.springframework.data.keyvalue.repository.KeyValueRepository
2025-08-11 00:00:23 [restartedMain] INFO  o.s.d.r.c.RepositoryConfigurationExtensionSupport - Spring Data Redis - Could not safely identify store assignment for repository candidate interface com.nepnhaxua.thucduong.repository.UserRepository; If you want this repository to be a Redis repository, consider annotating your entities with one of these annotations: org.springframework.data.redis.core.RedisHash (preferred), or consider extending one of the following types with your repository: org.springframework.data.keyvalue.repository.KeyValueRepository
2025-08-11 00:00:23 [restartedMain] INFO  o.s.d.r.c.RepositoryConfigurationDelegate - Finished Spring Data repository scanning in 16 ms. Found 0 Redis repository interfaces.
2025-08-11 00:00:23 [restartedMain] INFO  o.s.b.w.e.tomcat.TomcatWebServer - Tomcat initialized with port 8080 (http)
2025-08-11 00:00:23 [restartedMain] INFO  o.a.catalina.core.StandardService - Starting service [Tomcat]
2025-08-11 00:00:23 [restartedMain] INFO  o.a.catalina.core.StandardEngine - Starting Servlet engine: [Apache Tomcat/10.1.16]
2025-08-11 00:00:23 [restartedMain] INFO  o.a.c.c.C.[.[localhost].[/api] - Initializing Spring embedded WebApplicationContext
2025-08-11 00:00:23 [restartedMain] INFO  o.s.b.w.s.c.ServletWebServerApplicationContext - Root WebApplicationContext: initialization completed in 1366 ms
2025-08-11 00:00:24 [restartedMain] INFO  org.mongodb.driver.client - MongoClient with metadata {"driver": {"name": "mongo-java-driver|sync", "version": "4.11.1"}, "os": {"type": "Windows", "name": "Windows 11", "architecture": "amd64", "version": "10.0"}, "platform": "Java/Oracle Corporation/23.0.1+11-39"} created with settings MongoClientSettings{readPreference=primary, writeConcern=WriteConcern{w=null, wTimeout=null ms, journal=null}, retryWrites=true, retryReads=true, readConcern=ReadConcern{level=null}, credential=MongoCredential{mechanism=null, userName='hiennnhe187362', source='admin', password=<hidden>, mechanismProperties=<hidden>}, transportSettings=null, streamFactoryFactory=null, commandListeners=[], codecRegistry=ProvidersCodecRegistry{codecProviders=[ValueCodecProvider{}, BsonValueCodecProvider{}, DBRefCodecProvider{}, DBObjectCodecProvider{}, DocumentCodecProvider{}, CollectionCodecProvider{}, IterableCodecProvider{}, MapCodecProvider{}, GeoJsonCodecProvider{}, GridFSFileCodecProvider{}, Jsr310CodecProvider{}, JsonObjectCodecProvider{}, BsonCodecProvider{}, EnumCodecProvider{}, com.mongodb.client.model.mql.ExpressionCodecProvider@69ee96fa, com.mongodb.Jep395RecordCodecProvider@2f1afd85, com.mongodb.KotlinCodecProvider@34093831]}, loggerSettings=LoggerSettings{maxDocumentLength=1000}, clusterSettings={hosts=[127.0.0.1:27017], srvHost=cluster0.0kvjpzj.mongodb.net, srvServiceName=mongodb, mode=MULTIPLE, requiredClusterType=REPLICA_SET, requiredReplicaSetName='atlas-uqcm2c-shard-0', serverSelector='null', clusterListeners='[]', serverSelectionTimeout='30000 ms', localThreshold='15 ms'}, socketSettings=SocketSettings{connectTimeoutMS=5000, readTimeoutMS=5000, receiveBufferSize=0, proxySettings=ProxySettings{host=null, port=null, username=null, password=null}}, heartbeatSocketSettings=SocketSettings{connectTimeoutMS=5000, readTimeoutMS=5000, receiveBufferSize=0, proxySettings=ProxySettings{host=null, port=null, username=null, password=null}}, connectionPoolSettings=ConnectionPoolSettings{maxSize=100, minSize=10, maxWaitTimeMS=5000, maxConnectionLifeTimeMS=0, maxConnectionIdleTimeMS=10000, maintenanceInitialDelayMS=0, maintenanceFrequencyMS=60000, connectionPoolListeners=[], maxConnecting=2}, serverSettings=ServerSettings{heartbeatFrequencyMS=10000, minHeartbeatFrequencyMS=500, serverListeners='[]', serverMonitorListeners='[]'}, sslSettings=SslSettings{enabled=true, invalidHostNameAllowed=false, context=null}, applicationName='null', compressorList=[], uuidRepresentation=UNSPECIFIED, serverApi=null, autoEncryptionSettings=null, dnsClient=null, inetAddressResolver=null, contextProvider=null}
2025-08-11 00:00:24 [restartedMain] WARN  o.s.b.w.s.c.AnnotationConfigServletWebServerApplicationContext - Exception encountered during context initialization - cancelling refresh attempt: org.springframework.beans.factory.UnsatisfiedDependencyException: Error creating bean with name 'mongoIndexConfig' defined in file [C:\Users\ADMIN\OneDrive\Desktop\thucduong\target\classes\com\nepnhaxua\thucduong\config\MongoIndexConfig.class]: Unsatisfied dependency expressed through constructor parameter 0: Error creating bean with name 'mongoTemplate' defined in class path resource [com/nepnhaxua/thucduong/config/MongoConfig.class]: Unsatisfied dependency expressed through method 'mongoTemplate' parameter 1: Error creating bean with name 'mappingMongoConverter' defined in class path resource [com/nepnhaxua/thucduong/config/MongoConfig.class]: Ambiguous factory method matches found on class [com.nepnhaxua.thucduong.config.MongoConfig] (hint: specify index/type/name arguments for simple parameters to avoid type ambiguities): [public org.springframework.data.mongodb.core.convert.MappingMongoConverter com.nepnhaxua.thucduong.config.MongoConfig.mappingMongoConverter(org.springframework.data.mongodb.MongoDatabaseFactory,org.springframework.data.mongodb.core.mapping.MongoMappingContext,org.springframework.data.mongodb.core.convert.MongoCustomConversions), public org.springframework.data.mongodb.core.convert.MappingMongoConverter org.springframework.data.mongodb.config.AbstractMongoClientConfiguration.mappingMongoConverter(org.springframework.data.mongodb.MongoDatabaseFactory,org.springframework.data.mongodb.core.convert.MongoCustomConversions,org.springframework.data.mongodb.core.mapping.MongoMappingContext)]
2025-08-11 00:00:24 [restartedMain] INFO  o.a.catalina.core.StandardService - Stopping service [Tomcat]
2025-08-11 00:00:24 [restartedMain] INFO  o.s.b.a.l.ConditionEvaluationReportLogger - 

Error starting ApplicationContext. To display the condition evaluation report re-run your application with 'debug' enabled.
2025-08-11 00:00:24 [restartedMain] ERROR o.s.boot.SpringApplication - Application run failed
org.springframework.beans.factory.UnsatisfiedDependencyException: Error creating bean with name 'mongoIndexConfig' defined in file [C:\Users\ADMIN\OneDrive\Desktop\thucduong\target\classes\com\nepnhaxua\thucduong\config\MongoIndexConfig.class]: Unsatisfied dependency expressed through constructor parameter 0: Error creating bean with name 'mongoTemplate' defined in class path resource [com/nepnhaxua/thucduong/config/MongoConfig.class]: Unsatisfied dependency expressed through method 'mongoTemplate' parameter 1: Error creating bean with name 'mappingMongoConverter' defined in class path resource [com/nepnhaxua/thucduong/config/MongoConfig.class]: Ambiguous factory method matches found on class [com.nepnhaxua.thucduong.config.MongoConfig] (hint: specify index/type/name arguments for simple parameters to avoid type ambiguities): [public org.springframework.data.mongodb.core.convert.MappingMongoConverter com.nepnhaxua.thucduong.config.MongoConfig.mappingMongoConverter(org.springframework.data.mongodb.MongoDatabaseFactory,org.springframework.data.mongodb.core.mapping.MongoMappingContext,org.springframework.data.mongodb.core.convert.MongoCustomConversions), public org.springframework.data.mongodb.core.convert.MappingMongoConverter org.springframework.data.mongodb.config.AbstractMongoClientConfiguration.mappingMongoConverter(org.springframework.data.mongodb.MongoDatabaseFactory,org.springframework.data.mongodb.core.convert.MongoCustomConversions,org.springframework.data.mongodb.core.mapping.MongoMappingContext)]
	at org.springframework.beans.factory.support.ConstructorResolver.createArgumentArray(ConstructorResolver.java:802)
	at org.springframework.beans.factory.support.ConstructorResolver.autowireConstructor(ConstructorResolver.java:241)
	at org.springframework.beans.factory.support.AbstractAutowireCapableBeanFactory.autowireConstructor(AbstractAutowireCapableBeanFactory.java:1356)
	at org.springframework.beans.factory.support.AbstractAutowireCapableBeanFactory.createBeanInstance(AbstractAutowireCapableBeanFactory.java:1193)
	at org.springframework.beans.factory.support.AbstractAutowireCapableBeanFactory.doCreateBean(AbstractAutowireCapableBeanFactory.java:563)
	at org.springframework.beans.factory.support.AbstractAutowireCapableBeanFactory.createBean(AbstractAutowireCapableBeanFactory.java:523)
	at org.springframework.beans.factory.support.AbstractBeanFactory.lambda$doGetBean$0(AbstractBeanFactory.java:325)
	at org.springframework.beans.factory.support.DefaultSingletonBeanRegistry.getSingleton(DefaultSingletonBeanRegistry.java:234)
	at org.springframework.beans.factory.support.AbstractBeanFactory.doGetBean(AbstractBeanFactory.java:323)
	at org.springframework.beans.factory.support.AbstractBeanFactory.getBean(AbstractBeanFactory.java:199)
	at org.springframework.beans.factory.support.DefaultListableBeanFactory.preInstantiateSingletons(DefaultListableBeanFactory.java:973)
	at org.springframework.context.support.AbstractApplicationContext.finishBeanFactoryInitialization(AbstractApplicationContext.java:946)
	at org.springframework.context.support.AbstractApplicationContext.refresh(AbstractApplicationContext.java:616)
	at org.springframework.boot.web.servlet.context.ServletWebServerApplicationContext.refresh(ServletWebServerApplicationContext.java:146)
	at org.springframework.boot.SpringApplication.refresh(SpringApplication.java:753)
	at org.springframework.boot.SpringApplication.refreshContext(SpringApplication.java:455)
	at org.springframework.boot.SpringApplication.run(SpringApplication.java:323)
	at org.springframework.boot.SpringApplication.run(SpringApplication.java:1342)
	at org.springframework.boot.SpringApplication.run(SpringApplication.java:1331)
	at com.nepnhaxua.thucduong.ThucduongApplication.main(ThucduongApplication.java:10)
	at java.base/jdk.internal.reflect.DirectMethodHandleAccessor.invoke(DirectMethodHandleAccessor.java:103)
	at java.base/java.lang.reflect.Method.invoke(Method.java:580)
	at org.springframework.boot.devtools.restart.RestartLauncher.run(RestartLauncher.java:50)
Caused by: org.springframework.beans.factory.UnsatisfiedDependencyException: Error creating bean with name 'mongoTemplate' defined in class path resource [com/nepnhaxua/thucduong/config/MongoConfig.class]: Unsatisfied dependency expressed through method 'mongoTemplate' parameter 1: Error creating bean with name 'mappingMongoConverter' defined in class path resource [com/nepnhaxua/thucduong/config/MongoConfig.class]: Ambiguous factory method matches found on class [com.nepnhaxua.thucduong.config.MongoConfig] (hint: specify index/type/name arguments for simple parameters to avoid type ambiguities): [public org.springframework.data.mongodb.core.convert.MappingMongoConverter com.nepnhaxua.thucduong.config.MongoConfig.mappingMongoConverter(org.springframework.data.mongodb.MongoDatabaseFactory,org.springframework.data.mongodb.core.mapping.MongoMappingContext,org.springframework.data.mongodb.core.convert.MongoCustomConversions), public org.springframework.data.mongodb.core.convert.MappingMongoConverter org.springframework.data.mongodb.config.AbstractMongoClientConfiguration.mappingMongoConverter(org.springframework.data.mongodb.MongoDatabaseFactory,org.springframework.data.mongodb.core.convert.MongoCustomConversions,org.springframework.data.mongodb.core.mapping.MongoMappingContext)]
	at org.springframework.beans.factory.support.ConstructorResolver.createArgumentArray(ConstructorResolver.java:802)
	at org.springframework.beans.factory.support.ConstructorResolver.instantiateUsingFactoryMethod(ConstructorResolver.java:546)
	at org.springframework.beans.factory.support.AbstractAutowireCapableBeanFactory.instantiateUsingFactoryMethod(AbstractAutowireCapableBeanFactory.java:1336)
	at org.springframework.beans.factory.support.AbstractAutowireCapableBeanFactory.createBeanInstance(AbstractAutowireCapableBeanFactory.java:1166)
	at org.springframework.beans.factory.support.AbstractAutowireCapableBeanFactory.doCreateBean(AbstractAutowireCapableBeanFactory.java:563)
	at org.springframework.beans.factory.support.AbstractAutowireCapableBeanFactory.createBean(AbstractAutowireCapableBeanFactory.java:523)
	at org.springframework.beans.factory.support.AbstractBeanFactory.lambda$doGetBean$0(AbstractBeanFactory.java:325)
	at org.springframework.beans.factory.support.DefaultSingletonBeanRegistry.getSingleton(DefaultSingletonBeanRegistry.java:234)
	at org.springframework.beans.factory.support.AbstractBeanFactory.doGetBean(AbstractBeanFactory.java:323)
	at org.springframework.beans.factory.support.AbstractBeanFactory.getBean(AbstractBeanFactory.java:199)
	at org.springframework.beans.factory.config.DependencyDescriptor.resolveCandidate(DependencyDescriptor.java:254)
	at org.springframework.beans.factory.support.DefaultListableBeanFactory.doResolveDependency(DefaultListableBeanFactory.java:1441)
	at org.springframework.beans.factory.support.DefaultListableBeanFactory.resolveDependency(DefaultListableBeanFactory.java:1348)
	at org.springframework.beans.factory.support.ConstructorResolver.resolveAutowiredArgument(ConstructorResolver.java:911)
	at org.springframework.beans.factory.support.ConstructorResolver.createArgumentArray(ConstructorResolver.java:789)
	... 22 common frames omitted
Caused by: org.springframework.beans.factory.BeanCreationException: Error creating bean with name 'mappingMongoConverter' defined in class path resource [com/nepnhaxua/thucduong/config/MongoConfig.class]: Ambiguous factory method matches found on class [com.nepnhaxua.thucduong.config.MongoConfig] (hint: specify index/type/name arguments for simple parameters to avoid type ambiguities): [public org.springframework.data.mongodb.core.convert.MappingMongoConverter com.nepnhaxua.thucduong.config.MongoConfig.mappingMongoConverter(org.springframework.data.mongodb.MongoDatabaseFactory,org.springframework.data.mongodb.core.mapping.MongoMappingContext,org.springframework.data.mongodb.core.convert.MongoCustomConversions), public org.springframework.data.mongodb.core.convert.MappingMongoConverter org.springframework.data.mongodb.config.AbstractMongoClientConfiguration.mappingMongoConverter(org.springframework.data.mongodb.MongoDatabaseFactory,org.springframework.data.mongodb.core.convert.MongoCustomConversions,org.springframework.data.mongodb.core.mapping.MongoMappingContext)]
	at org.springframework.beans.factory.support.ConstructorResolver.instantiateUsingFactoryMethod(ConstructorResolver.java:632)
	at org.springframework.beans.factory.support.AbstractAutowireCapableBeanFactory.instantiateUsingFactoryMethod(AbstractAutowireCapableBeanFactory.java:1336)
	at org.springframework.beans.factory.support.AbstractAutowireCapableBeanFactory.createBeanInstance(AbstractAutowireCapableBeanFactory.java:1166)
	at org.springframework.beans.factory.support.AbstractAutowireCapableBeanFactory.doCreateBean(AbstractAutowireCapableBeanFactory.java:563)
	at org.springframework.beans.factory.support.AbstractAutowireCapableBeanFactory.createBean(AbstractAutowireCapableBeanFactory.java:523)
	at org.springframework.beans.factory.support.AbstractBeanFactory.lambda$doGetBean$0(AbstractBeanFactory.java:325)
	at org.springframework.beans.factory.support.DefaultSingletonBeanRegistry.getSingleton(DefaultSingletonBeanRegistry.java:234)
	at org.springframework.beans.factory.support.AbstractBeanFactory.doGetBean(AbstractBeanFactory.java:323)
	at org.springframework.beans.factory.support.AbstractBeanFactory.getBean(AbstractBeanFactory.java:199)
	at org.springframework.beans.factory.config.DependencyDescriptor.resolveCandidate(DependencyDescriptor.java:254)
	at org.springframework.beans.factory.support.DefaultListableBeanFactory.doResolveDependency(DefaultListableBeanFactory.java:1441)
	at org.springframework.beans.factory.support.DefaultListableBeanFactory.resolveDependency(DefaultListableBeanFactory.java:1348)
	at org.springframework.beans.factory.support.ConstructorResolver.resolveAutowiredArgument(ConstructorResolver.java:911)
	at org.springframework.beans.factory.support.ConstructorResolver.createArgumentArray(ConstructorResolver.java:789)
	... 36 common frames omitted
2025-08-11 00:04:44 [restartedMain] INFO  c.n.thucduong.ThucduongApplication - Starting ThucduongApplication using Java 23.0.1 with PID 1896 (C:\Users\ADMIN\OneDrive\Desktop\thucduong\target\classes started by ADMIN in C:\Users\ADMIN\OneDrive\Desktop\thucduong)
2025-08-11 00:04:44 [restartedMain] DEBUG c.n.thucduong.ThucduongApplication - Running with Spring Boot v3.2.0, Spring v6.1.1
2025-08-11 00:04:44 [restartedMain] INFO  c.n.thucduong.ThucduongApplication - No active profile set, falling back to 1 default profile: "default"
2025-08-11 00:04:44 [restartedMain] INFO  o.s.b.d.e.DevToolsPropertyDefaultsPostProcessor - Devtools property defaults active! Set 'spring.devtools.add-properties' to 'false' to disable
2025-08-11 00:04:44 [restartedMain] INFO  o.s.b.d.e.DevToolsPropertyDefaultsPostProcessor - For additional web related logging consider setting the 'logging.level.web' property to 'DEBUG'
2025-08-11 00:04:45 [restartedMain] INFO  o.s.d.r.c.RepositoryConfigurationDelegate - Multiple Spring Data modules found, entering strict repository configuration mode
2025-08-11 00:04:45 [restartedMain] INFO  o.s.d.r.c.RepositoryConfigurationDelegate - Bootstrapping Spring Data MongoDB repositories in DEFAULT mode.
2025-08-11 00:04:45 [restartedMain] INFO  o.s.d.r.c.RepositoryConfigurationDelegate - Finished Spring Data repository scanning in 69 ms. Found 3 MongoDB repository interfaces.
2025-08-11 00:04:45 [restartedMain] INFO  o.s.d.r.c.RepositoryConfigurationDelegate - Multiple Spring Data modules found, entering strict repository configuration mode
2025-08-11 00:04:45 [restartedMain] INFO  o.s.d.r.c.RepositoryConfigurationDelegate - Bootstrapping Spring Data Redis repositories in DEFAULT mode.
2025-08-11 00:04:45 [restartedMain] INFO  o.s.d.r.c.RepositoryConfigurationExtensionSupport - Spring Data Redis - Could not safely identify store assignment for repository candidate interface com.nepnhaxua.thucduong.repository.BodyHealthMapRepository; If you want this repository to be a Redis repository, consider annotating your entities with one of these annotations: org.springframework.data.redis.core.RedisHash (preferred), or consider extending one of the following types with your repository: org.springframework.data.keyvalue.repository.KeyValueRepository
2025-08-11 00:04:45 [restartedMain] INFO  o.s.d.r.c.RepositoryConfigurationExtensionSupport - Spring Data Redis - Could not safely identify store assignment for repository candidate interface com.nepnhaxua.thucduong.repository.ProductRepository; If you want this repository to be a Redis repository, consider annotating your entities with one of these annotations: org.springframework.data.redis.core.RedisHash (preferred), or consider extending one of the following types with your repository: org.springframework.data.keyvalue.repository.KeyValueRepository
2025-08-11 00:04:45 [restartedMain] INFO  o.s.d.r.c.RepositoryConfigurationExtensionSupport - Spring Data Redis - Could not safely identify store assignment for repository candidate interface com.nepnhaxua.thucduong.repository.UserRepository; If you want this repository to be a Redis repository, consider annotating your entities with one of these annotations: org.springframework.data.redis.core.RedisHash (preferred), or consider extending one of the following types with your repository: org.springframework.data.keyvalue.repository.KeyValueRepository
2025-08-11 00:04:45 [restartedMain] INFO  o.s.d.r.c.RepositoryConfigurationDelegate - Finished Spring Data repository scanning in 15 ms. Found 0 Redis repository interfaces.
2025-08-11 00:04:45 [restartedMain] INFO  o.s.b.w.e.tomcat.TomcatWebServer - Tomcat initialized with port 8080 (http)
2025-08-11 00:04:45 [restartedMain] INFO  o.a.catalina.core.StandardService - Starting service [Tomcat]
2025-08-11 00:04:45 [restartedMain] INFO  o.a.catalina.core.StandardEngine - Starting Servlet engine: [Apache Tomcat/10.1.16]
2025-08-11 00:04:46 [restartedMain] INFO  o.a.c.c.C.[.[localhost].[/api] - Initializing Spring embedded WebApplicationContext
2025-08-11 00:04:46 [restartedMain] INFO  o.s.b.w.s.c.ServletWebServerApplicationContext - Root WebApplicationContext: initialization completed in 1292 ms
2025-08-11 00:04:46 [restartedMain] INFO  org.mongodb.driver.client - MongoClient with metadata {"driver": {"name": "mongo-java-driver|sync", "version": "4.11.1"}, "os": {"type": "Windows", "name": "Windows 11", "architecture": "amd64", "version": "10.0"}, "platform": "Java/Oracle Corporation/23.0.1+11-39"} created with settings MongoClientSettings{readPreference=primary, writeConcern=WriteConcern{w=null, wTimeout=null ms, journal=null}, retryWrites=true, retryReads=true, readConcern=ReadConcern{level=null}, credential=MongoCredential{mechanism=null, userName='hiennnhe187362', source='admin', password=<hidden>, mechanismProperties=<hidden>}, transportSettings=null, streamFactoryFactory=null, commandListeners=[], codecRegistry=ProvidersCodecRegistry{codecProviders=[ValueCodecProvider{}, BsonValueCodecProvider{}, DBRefCodecProvider{}, DBObjectCodecProvider{}, DocumentCodecProvider{}, CollectionCodecProvider{}, IterableCodecProvider{}, MapCodecProvider{}, GeoJsonCodecProvider{}, GridFSFileCodecProvider{}, Jsr310CodecProvider{}, JsonObjectCodecProvider{}, BsonCodecProvider{}, EnumCodecProvider{}, com.mongodb.client.model.mql.ExpressionCodecProvider@7d6bd523, com.mongodb.Jep395RecordCodecProvider@7abfb674, com.mongodb.KotlinCodecProvider@37a88c4f]}, loggerSettings=LoggerSettings{maxDocumentLength=1000}, clusterSettings={hosts=[127.0.0.1:27017], srvHost=cluster0.0kvjpzj.mongodb.net, srvServiceName=mongodb, mode=MULTIPLE, requiredClusterType=REPLICA_SET, requiredReplicaSetName='atlas-uqcm2c-shard-0', serverSelector='null', clusterListeners='[]', serverSelectionTimeout='30000 ms', localThreshold='15 ms'}, socketSettings=SocketSettings{connectTimeoutMS=5000, readTimeoutMS=5000, receiveBufferSize=0, proxySettings=ProxySettings{host=null, port=null, username=null, password=null}}, heartbeatSocketSettings=SocketSettings{connectTimeoutMS=5000, readTimeoutMS=5000, receiveBufferSize=0, proxySettings=ProxySettings{host=null, port=null, username=null, password=null}}, connectionPoolSettings=ConnectionPoolSettings{maxSize=100, minSize=10, maxWaitTimeMS=5000, maxConnectionLifeTimeMS=0, maxConnectionIdleTimeMS=10000, maintenanceInitialDelayMS=0, maintenanceFrequencyMS=60000, connectionPoolListeners=[], maxConnecting=2}, serverSettings=ServerSettings{heartbeatFrequencyMS=10000, minHeartbeatFrequencyMS=500, serverListeners='[]', serverMonitorListeners='[]'}, sslSettings=SslSettings{enabled=true, invalidHostNameAllowed=false, context=null}, applicationName='null', compressorList=[], uuidRepresentation=UNSPECIFIED, serverApi=null, autoEncryptionSettings=null, dnsClient=null, inetAddressResolver=null, contextProvider=null}
2025-08-11 00:04:46 [cluster-ClusterId{value='6898d12e9c18fb3fc2a1f9a1', description='null'}-srv-cluster0.0kvjpzj.mongodb.net] INFO  org.mongodb.driver.cluster - Adding discovered server ac-lilk9ia-shard-00-00.0kvjpzj.mongodb.net:27017 to client view of cluster
2025-08-11 00:04:46 [cluster-ClusterId{value='6898d12e9c18fb3fc2a1f9a1', description='null'}-srv-cluster0.0kvjpzj.mongodb.net] INFO  org.mongodb.driver.cluster - Adding discovered server ac-lilk9ia-shard-00-02.0kvjpzj.mongodb.net:27017 to client view of cluster
2025-08-11 00:04:46 [cluster-ClusterId{value='6898d12e9c18fb3fc2a1f9a1', description='null'}-srv-cluster0.0kvjpzj.mongodb.net] INFO  org.mongodb.driver.cluster - Adding discovered server ac-lilk9ia-shard-00-01.0kvjpzj.mongodb.net:27017 to client view of cluster
2025-08-11 00:04:46 [restartedMain] WARN  o.s.b.w.s.c.AnnotationConfigServletWebServerApplicationContext - Exception encountered during context initialization - cancelling refresh attempt: org.springframework.beans.factory.UnsatisfiedDependencyException: Error creating bean with name 'mongoIndexConfig' defined in file [C:\Users\ADMIN\OneDrive\Desktop\thucduong\target\classes\com\nepnhaxua\thucduong\config\MongoIndexConfig.class]: Unsatisfied dependency expressed through constructor parameter 0: Error creating bean with name 'mongoTemplate' defined in class path resource [com/nepnhaxua/thucduong/config/MongoConfig.class]: Unsatisfied dependency expressed through method 'mongoTemplate' parameter 1: Error creating bean with name 'mappingMongoConverter' defined in class path resource [com/nepnhaxua/thucduong/config/MongoConfig.class]: Ambiguous factory method matches found on class [com.nepnhaxua.thucduong.config.MongoConfig] (hint: specify index/type/name arguments for simple parameters to avoid type ambiguities): [public org.springframework.data.mongodb.core.convert.MappingMongoConverter com.nepnhaxua.thucduong.config.MongoConfig.mappingMongoConverter(org.springframework.data.mongodb.MongoDatabaseFactory,org.springframework.data.mongodb.core.mapping.MongoMappingContext,org.springframework.data.mongodb.core.convert.MongoCustomConversions), public org.springframework.data.mongodb.core.convert.MappingMongoConverter org.springframework.data.mongodb.config.AbstractMongoClientConfiguration.mappingMongoConverter(org.springframework.data.mongodb.MongoDatabaseFactory,org.springframework.data.mongodb.core.convert.MongoCustomConversions,org.springframework.data.mongodb.core.mapping.MongoMappingContext)]
2025-08-11 00:04:46 [restartedMain] INFO  o.a.catalina.core.StandardService - Stopping service [Tomcat]
2025-08-11 00:04:46 [restartedMain] INFO  o.s.b.a.l.ConditionEvaluationReportLogger - 

Error starting ApplicationContext. To display the condition evaluation report re-run your application with 'debug' enabled.
2025-08-11 00:04:46 [restartedMain] ERROR o.s.boot.SpringApplication - Application run failed
org.springframework.beans.factory.UnsatisfiedDependencyException: Error creating bean with name 'mongoIndexConfig' defined in file [C:\Users\ADMIN\OneDrive\Desktop\thucduong\target\classes\com\nepnhaxua\thucduong\config\MongoIndexConfig.class]: Unsatisfied dependency expressed through constructor parameter 0: Error creating bean with name 'mongoTemplate' defined in class path resource [com/nepnhaxua/thucduong/config/MongoConfig.class]: Unsatisfied dependency expressed through method 'mongoTemplate' parameter 1: Error creating bean with name 'mappingMongoConverter' defined in class path resource [com/nepnhaxua/thucduong/config/MongoConfig.class]: Ambiguous factory method matches found on class [com.nepnhaxua.thucduong.config.MongoConfig] (hint: specify index/type/name arguments for simple parameters to avoid type ambiguities): [public org.springframework.data.mongodb.core.convert.MappingMongoConverter com.nepnhaxua.thucduong.config.MongoConfig.mappingMongoConverter(org.springframework.data.mongodb.MongoDatabaseFactory,org.springframework.data.mongodb.core.mapping.MongoMappingContext,org.springframework.data.mongodb.core.convert.MongoCustomConversions), public org.springframework.data.mongodb.core.convert.MappingMongoConverter org.springframework.data.mongodb.config.AbstractMongoClientConfiguration.mappingMongoConverter(org.springframework.data.mongodb.MongoDatabaseFactory,org.springframework.data.mongodb.core.convert.MongoCustomConversions,org.springframework.data.mongodb.core.mapping.MongoMappingContext)]
	at org.springframework.beans.factory.support.ConstructorResolver.createArgumentArray(ConstructorResolver.java:802)
	at org.springframework.beans.factory.support.ConstructorResolver.autowireConstructor(ConstructorResolver.java:241)
	at org.springframework.beans.factory.support.AbstractAutowireCapableBeanFactory.autowireConstructor(AbstractAutowireCapableBeanFactory.java:1356)
	at org.springframework.beans.factory.support.AbstractAutowireCapableBeanFactory.createBeanInstance(AbstractAutowireCapableBeanFactory.java:1193)
	at org.springframework.beans.factory.support.AbstractAutowireCapableBeanFactory.doCreateBean(AbstractAutowireCapableBeanFactory.java:563)
	at org.springframework.beans.factory.support.AbstractAutowireCapableBeanFactory.createBean(AbstractAutowireCapableBeanFactory.java:523)
	at org.springframework.beans.factory.support.AbstractBeanFactory.lambda$doGetBean$0(AbstractBeanFactory.java:325)
	at org.springframework.beans.factory.support.DefaultSingletonBeanRegistry.getSingleton(DefaultSingletonBeanRegistry.java:234)
	at org.springframework.beans.factory.support.AbstractBeanFactory.doGetBean(AbstractBeanFactory.java:323)
	at org.springframework.beans.factory.support.AbstractBeanFactory.getBean(AbstractBeanFactory.java:199)
	at org.springframework.beans.factory.support.DefaultListableBeanFactory.preInstantiateSingletons(DefaultListableBeanFactory.java:973)
	at org.springframework.context.support.AbstractApplicationContext.finishBeanFactoryInitialization(AbstractApplicationContext.java:946)
	at org.springframework.context.support.AbstractApplicationContext.refresh(AbstractApplicationContext.java:616)
	at org.springframework.boot.web.servlet.context.ServletWebServerApplicationContext.refresh(ServletWebServerApplicationContext.java:146)
	at org.springframework.boot.SpringApplication.refresh(SpringApplication.java:753)
	at org.springframework.boot.SpringApplication.refreshContext(SpringApplication.java:455)
	at org.springframework.boot.SpringApplication.run(SpringApplication.java:323)
	at org.springframework.boot.SpringApplication.run(SpringApplication.java:1342)
	at org.springframework.boot.SpringApplication.run(SpringApplication.java:1331)
	at com.nepnhaxua.thucduong.ThucduongApplication.main(ThucduongApplication.java:10)
	at java.base/jdk.internal.reflect.DirectMethodHandleAccessor.invoke(DirectMethodHandleAccessor.java:103)
	at java.base/java.lang.reflect.Method.invoke(Method.java:580)
	at org.springframework.boot.devtools.restart.RestartLauncher.run(RestartLauncher.java:50)
Caused by: org.springframework.beans.factory.UnsatisfiedDependencyException: Error creating bean with name 'mongoTemplate' defined in class path resource [com/nepnhaxua/thucduong/config/MongoConfig.class]: Unsatisfied dependency expressed through method 'mongoTemplate' parameter 1: Error creating bean with name 'mappingMongoConverter' defined in class path resource [com/nepnhaxua/thucduong/config/MongoConfig.class]: Ambiguous factory method matches found on class [com.nepnhaxua.thucduong.config.MongoConfig] (hint: specify index/type/name arguments for simple parameters to avoid type ambiguities): [public org.springframework.data.mongodb.core.convert.MappingMongoConverter com.nepnhaxua.thucduong.config.MongoConfig.mappingMongoConverter(org.springframework.data.mongodb.MongoDatabaseFactory,org.springframework.data.mongodb.core.mapping.MongoMappingContext,org.springframework.data.mongodb.core.convert.MongoCustomConversions), public org.springframework.data.mongodb.core.convert.MappingMongoConverter org.springframework.data.mongodb.config.AbstractMongoClientConfiguration.mappingMongoConverter(org.springframework.data.mongodb.MongoDatabaseFactory,org.springframework.data.mongodb.core.convert.MongoCustomConversions,org.springframework.data.mongodb.core.mapping.MongoMappingContext)]
	at org.springframework.beans.factory.support.ConstructorResolver.createArgumentArray(ConstructorResolver.java:802)
	at org.springframework.beans.factory.support.ConstructorResolver.instantiateUsingFactoryMethod(ConstructorResolver.java:546)
	at org.springframework.beans.factory.support.AbstractAutowireCapableBeanFactory.instantiateUsingFactoryMethod(AbstractAutowireCapableBeanFactory.java:1336)
	at org.springframework.beans.factory.support.AbstractAutowireCapableBeanFactory.createBeanInstance(AbstractAutowireCapableBeanFactory.java:1166)
	at org.springframework.beans.factory.support.AbstractAutowireCapableBeanFactory.doCreateBean(AbstractAutowireCapableBeanFactory.java:563)
	at org.springframework.beans.factory.support.AbstractAutowireCapableBeanFactory.createBean(AbstractAutowireCapableBeanFactory.java:523)
	at org.springframework.beans.factory.support.AbstractBeanFactory.lambda$doGetBean$0(AbstractBeanFactory.java:325)
	at org.springframework.beans.factory.support.DefaultSingletonBeanRegistry.getSingleton(DefaultSingletonBeanRegistry.java:234)
	at org.springframework.beans.factory.support.AbstractBeanFactory.doGetBean(AbstractBeanFactory.java:323)
	at org.springframework.beans.factory.support.AbstractBeanFactory.getBean(AbstractBeanFactory.java:199)
	at org.springframework.beans.factory.config.DependencyDescriptor.resolveCandidate(DependencyDescriptor.java:254)
	at org.springframework.beans.factory.support.DefaultListableBeanFactory.doResolveDependency(DefaultListableBeanFactory.java:1441)
	at org.springframework.beans.factory.support.DefaultListableBeanFactory.resolveDependency(DefaultListableBeanFactory.java:1348)
	at org.springframework.beans.factory.support.ConstructorResolver.resolveAutowiredArgument(ConstructorResolver.java:911)
	at org.springframework.beans.factory.support.ConstructorResolver.createArgumentArray(ConstructorResolver.java:789)
	... 22 common frames omitted
Caused by: org.springframework.beans.factory.BeanCreationException: Error creating bean with name 'mappingMongoConverter' defined in class path resource [com/nepnhaxua/thucduong/config/MongoConfig.class]: Ambiguous factory method matches found on class [com.nepnhaxua.thucduong.config.MongoConfig] (hint: specify index/type/name arguments for simple parameters to avoid type ambiguities): [public org.springframework.data.mongodb.core.convert.MappingMongoConverter com.nepnhaxua.thucduong.config.MongoConfig.mappingMongoConverter(org.springframework.data.mongodb.MongoDatabaseFactory,org.springframework.data.mongodb.core.mapping.MongoMappingContext,org.springframework.data.mongodb.core.convert.MongoCustomConversions), public org.springframework.data.mongodb.core.convert.MappingMongoConverter org.springframework.data.mongodb.config.AbstractMongoClientConfiguration.mappingMongoConverter(org.springframework.data.mongodb.MongoDatabaseFactory,org.springframework.data.mongodb.core.convert.MongoCustomConversions,org.springframework.data.mongodb.core.mapping.MongoMappingContext)]
	at org.springframework.beans.factory.support.ConstructorResolver.instantiateUsingFactoryMethod(ConstructorResolver.java:632)
	at org.springframework.beans.factory.support.AbstractAutowireCapableBeanFactory.instantiateUsingFactoryMethod(AbstractAutowireCapableBeanFactory.java:1336)
	at org.springframework.beans.factory.support.AbstractAutowireCapableBeanFactory.createBeanInstance(AbstractAutowireCapableBeanFactory.java:1166)
	at org.springframework.beans.factory.support.AbstractAutowireCapableBeanFactory.doCreateBean(AbstractAutowireCapableBeanFactory.java:563)
	at org.springframework.beans.factory.support.AbstractAutowireCapableBeanFactory.createBean(AbstractAutowireCapableBeanFactory.java:523)
	at org.springframework.beans.factory.support.AbstractBeanFactory.lambda$doGetBean$0(AbstractBeanFactory.java:325)
	at org.springframework.beans.factory.support.DefaultSingletonBeanRegistry.getSingleton(DefaultSingletonBeanRegistry.java:234)
	at org.springframework.beans.factory.support.AbstractBeanFactory.doGetBean(AbstractBeanFactory.java:323)
	at org.springframework.beans.factory.support.AbstractBeanFactory.getBean(AbstractBeanFactory.java:199)
	at org.springframework.beans.factory.config.DependencyDescriptor.resolveCandidate(DependencyDescriptor.java:254)
	at org.springframework.beans.factory.support.DefaultListableBeanFactory.doResolveDependency(DefaultListableBeanFactory.java:1441)
	at org.springframework.beans.factory.support.DefaultListableBeanFactory.resolveDependency(DefaultListableBeanFactory.java:1348)
	at org.springframework.beans.factory.support.ConstructorResolver.resolveAutowiredArgument(ConstructorResolver.java:911)
	at org.springframework.beans.factory.support.ConstructorResolver.createArgumentArray(ConstructorResolver.java:789)
	... 36 common frames omitted
2025-08-11 00:05:04 [restartedMain] INFO  c.n.thucduong.ThucduongApplication - Starting ThucduongApplication using Java 23.0.1 with PID 24840 (C:\Users\ADMIN\OneDrive\Desktop\thucduong\target\classes started by ADMIN in C:\Users\ADMIN\OneDrive\Desktop\thucduong)
2025-08-11 00:05:04 [restartedMain] DEBUG c.n.thucduong.ThucduongApplication - Running with Spring Boot v3.2.0, Spring v6.1.1
2025-08-11 00:05:04 [restartedMain] INFO  c.n.thucduong.ThucduongApplication - No active profile set, falling back to 1 default profile: "default"
2025-08-11 00:05:04 [restartedMain] INFO  o.s.b.d.e.DevToolsPropertyDefaultsPostProcessor - Devtools property defaults active! Set 'spring.devtools.add-properties' to 'false' to disable
2025-08-11 00:05:04 [restartedMain] INFO  o.s.b.d.e.DevToolsPropertyDefaultsPostProcessor - For additional web related logging consider setting the 'logging.level.web' property to 'DEBUG'
2025-08-11 00:05:05 [restartedMain] INFO  o.s.d.r.c.RepositoryConfigurationDelegate - Multiple Spring Data modules found, entering strict repository configuration mode
2025-08-11 00:05:05 [restartedMain] INFO  o.s.d.r.c.RepositoryConfigurationDelegate - Bootstrapping Spring Data MongoDB repositories in DEFAULT mode.
2025-08-11 00:05:05 [restartedMain] INFO  o.s.d.r.c.RepositoryConfigurationDelegate - Finished Spring Data repository scanning in 71 ms. Found 3 MongoDB repository interfaces.
2025-08-11 00:05:05 [restartedMain] INFO  o.s.d.r.c.RepositoryConfigurationDelegate - Multiple Spring Data modules found, entering strict repository configuration mode
2025-08-11 00:05:05 [restartedMain] INFO  o.s.d.r.c.RepositoryConfigurationDelegate - Bootstrapping Spring Data Redis repositories in DEFAULT mode.
2025-08-11 00:05:05 [restartedMain] INFO  o.s.d.r.c.RepositoryConfigurationExtensionSupport - Spring Data Redis - Could not safely identify store assignment for repository candidate interface com.nepnhaxua.thucduong.repository.BodyHealthMapRepository; If you want this repository to be a Redis repository, consider annotating your entities with one of these annotations: org.springframework.data.redis.core.RedisHash (preferred), or consider extending one of the following types with your repository: org.springframework.data.keyvalue.repository.KeyValueRepository
2025-08-11 00:05:05 [restartedMain] INFO  o.s.d.r.c.RepositoryConfigurationExtensionSupport - Spring Data Redis - Could not safely identify store assignment for repository candidate interface com.nepnhaxua.thucduong.repository.ProductRepository; If you want this repository to be a Redis repository, consider annotating your entities with one of these annotations: org.springframework.data.redis.core.RedisHash (preferred), or consider extending one of the following types with your repository: org.springframework.data.keyvalue.repository.KeyValueRepository
2025-08-11 00:05:05 [restartedMain] INFO  o.s.d.r.c.RepositoryConfigurationExtensionSupport - Spring Data Redis - Could not safely identify store assignment for repository candidate interface com.nepnhaxua.thucduong.repository.UserRepository; If you want this repository to be a Redis repository, consider annotating your entities with one of these annotations: org.springframework.data.redis.core.RedisHash (preferred), or consider extending one of the following types with your repository: org.springframework.data.keyvalue.repository.KeyValueRepository
2025-08-11 00:05:05 [restartedMain] INFO  o.s.d.r.c.RepositoryConfigurationDelegate - Finished Spring Data repository scanning in 15 ms. Found 0 Redis repository interfaces.
2025-08-11 00:05:06 [restartedMain] INFO  o.s.b.w.e.tomcat.TomcatWebServer - Tomcat initialized with port 8080 (http)
2025-08-11 00:05:06 [restartedMain] INFO  o.a.catalina.core.StandardService - Starting service [Tomcat]
2025-08-11 00:05:06 [restartedMain] INFO  o.a.catalina.core.StandardEngine - Starting Servlet engine: [Apache Tomcat/10.1.16]
2025-08-11 00:05:06 [restartedMain] INFO  o.a.c.c.C.[.[localhost].[/api] - Initializing Spring embedded WebApplicationContext
2025-08-11 00:05:06 [restartedMain] INFO  o.s.b.w.s.c.ServletWebServerApplicationContext - Root WebApplicationContext: initialization completed in 1398 ms
2025-08-11 00:05:06 [cluster-ClusterId{value='6898d142a43b0369b8f0717e', description='null'}-srv-cluster0.0kvjpzj.mongodb.net] INFO  org.mongodb.driver.cluster - Adding discovered server ac-lilk9ia-shard-00-00.0kvjpzj.mongodb.net:27017 to client view of cluster
2025-08-11 00:05:06 [restartedMain] INFO  org.mongodb.driver.client - MongoClient with metadata {"driver": {"name": "mongo-java-driver|sync", "version": "4.11.1"}, "os": {"type": "Windows", "name": "Windows 11", "architecture": "amd64", "version": "10.0"}, "platform": "Java/Oracle Corporation/23.0.1+11-39"} created with settings MongoClientSettings{readPreference=primary, writeConcern=WriteConcern{w=null, wTimeout=null ms, journal=null}, retryWrites=true, retryReads=true, readConcern=ReadConcern{level=null}, credential=MongoCredential{mechanism=null, userName='hiennnhe187362', source='admin', password=<hidden>, mechanismProperties=<hidden>}, transportSettings=null, streamFactoryFactory=null, commandListeners=[], codecRegistry=ProvidersCodecRegistry{codecProviders=[ValueCodecProvider{}, BsonValueCodecProvider{}, DBRefCodecProvider{}, DBObjectCodecProvider{}, DocumentCodecProvider{}, CollectionCodecProvider{}, IterableCodecProvider{}, MapCodecProvider{}, GeoJsonCodecProvider{}, GridFSFileCodecProvider{}, Jsr310CodecProvider{}, JsonObjectCodecProvider{}, BsonCodecProvider{}, EnumCodecProvider{}, com.mongodb.client.model.mql.ExpressionCodecProvider@4f920744, com.mongodb.Jep395RecordCodecProvider@312a889b, com.mongodb.KotlinCodecProvider@6594b9c3]}, loggerSettings=LoggerSettings{maxDocumentLength=1000}, clusterSettings={hosts=[127.0.0.1:27017], srvHost=cluster0.0kvjpzj.mongodb.net, srvServiceName=mongodb, mode=MULTIPLE, requiredClusterType=REPLICA_SET, requiredReplicaSetName='atlas-uqcm2c-shard-0', serverSelector='null', clusterListeners='[]', serverSelectionTimeout='30000 ms', localThreshold='15 ms'}, socketSettings=SocketSettings{connectTimeoutMS=5000, readTimeoutMS=5000, receiveBufferSize=0, proxySettings=ProxySettings{host=null, port=null, username=null, password=null}}, heartbeatSocketSettings=SocketSettings{connectTimeoutMS=5000, readTimeoutMS=5000, receiveBufferSize=0, proxySettings=ProxySettings{host=null, port=null, username=null, password=null}}, connectionPoolSettings=ConnectionPoolSettings{maxSize=100, minSize=10, maxWaitTimeMS=5000, maxConnectionLifeTimeMS=0, maxConnectionIdleTimeMS=10000, maintenanceInitialDelayMS=0, maintenanceFrequencyMS=60000, connectionPoolListeners=[], maxConnecting=2}, serverSettings=ServerSettings{heartbeatFrequencyMS=10000, minHeartbeatFrequencyMS=500, serverListeners='[]', serverMonitorListeners='[]'}, sslSettings=SslSettings{enabled=true, invalidHostNameAllowed=false, context=null}, applicationName='null', compressorList=[], uuidRepresentation=UNSPECIFIED, serverApi=null, autoEncryptionSettings=null, dnsClient=null, inetAddressResolver=null, contextProvider=null}
2025-08-11 00:05:06 [cluster-ClusterId{value='6898d142a43b0369b8f0717e', description='null'}-srv-cluster0.0kvjpzj.mongodb.net] INFO  org.mongodb.driver.cluster - Adding discovered server ac-lilk9ia-shard-00-02.0kvjpzj.mongodb.net:27017 to client view of cluster
2025-08-11 00:05:06 [cluster-ClusterId{value='6898d142a43b0369b8f0717e', description='null'}-srv-cluster0.0kvjpzj.mongodb.net] INFO  org.mongodb.driver.cluster - Adding discovered server ac-lilk9ia-shard-00-01.0kvjpzj.mongodb.net:27017 to client view of cluster
2025-08-11 00:05:06 [restartedMain] WARN  o.s.b.w.s.c.AnnotationConfigServletWebServerApplicationContext - Exception encountered during context initialization - cancelling refresh attempt: org.springframework.beans.factory.UnsatisfiedDependencyException: Error creating bean with name 'mongoIndexConfig' defined in file [C:\Users\ADMIN\OneDrive\Desktop\thucduong\target\classes\com\nepnhaxua\thucduong\config\MongoIndexConfig.class]: Unsatisfied dependency expressed through constructor parameter 0: Error creating bean with name 'mongoTemplate' defined in class path resource [com/nepnhaxua/thucduong/config/MongoConfig.class]: Unsatisfied dependency expressed through method 'mongoTemplate' parameter 1: Error creating bean with name 'mappingMongoConverter' defined in class path resource [com/nepnhaxua/thucduong/config/MongoConfig.class]: Ambiguous factory method matches found on class [com.nepnhaxua.thucduong.config.MongoConfig] (hint: specify index/type/name arguments for simple parameters to avoid type ambiguities): [public org.springframework.data.mongodb.core.convert.MappingMongoConverter com.nepnhaxua.thucduong.config.MongoConfig.mappingMongoConverter(org.springframework.data.mongodb.MongoDatabaseFactory,org.springframework.data.mongodb.core.mapping.MongoMappingContext,org.springframework.data.mongodb.core.convert.MongoCustomConversions), public org.springframework.data.mongodb.core.convert.MappingMongoConverter org.springframework.data.mongodb.config.AbstractMongoClientConfiguration.mappingMongoConverter(org.springframework.data.mongodb.MongoDatabaseFactory,org.springframework.data.mongodb.core.convert.MongoCustomConversions,org.springframework.data.mongodb.core.mapping.MongoMappingContext)]
2025-08-11 00:05:06 [restartedMain] INFO  o.a.catalina.core.StandardService - Stopping service [Tomcat]
2025-08-11 00:05:06 [restartedMain] INFO  o.s.b.a.l.ConditionEvaluationReportLogger - 

Error starting ApplicationContext. To display the condition evaluation report re-run your application with 'debug' enabled.
2025-08-11 00:05:06 [restartedMain] ERROR o.s.boot.SpringApplication - Application run failed
org.springframework.beans.factory.UnsatisfiedDependencyException: Error creating bean with name 'mongoIndexConfig' defined in file [C:\Users\ADMIN\OneDrive\Desktop\thucduong\target\classes\com\nepnhaxua\thucduong\config\MongoIndexConfig.class]: Unsatisfied dependency expressed through constructor parameter 0: Error creating bean with name 'mongoTemplate' defined in class path resource [com/nepnhaxua/thucduong/config/MongoConfig.class]: Unsatisfied dependency expressed through method 'mongoTemplate' parameter 1: Error creating bean with name 'mappingMongoConverter' defined in class path resource [com/nepnhaxua/thucduong/config/MongoConfig.class]: Ambiguous factory method matches found on class [com.nepnhaxua.thucduong.config.MongoConfig] (hint: specify index/type/name arguments for simple parameters to avoid type ambiguities): [public org.springframework.data.mongodb.core.convert.MappingMongoConverter com.nepnhaxua.thucduong.config.MongoConfig.mappingMongoConverter(org.springframework.data.mongodb.MongoDatabaseFactory,org.springframework.data.mongodb.core.mapping.MongoMappingContext,org.springframework.data.mongodb.core.convert.MongoCustomConversions), public org.springframework.data.mongodb.core.convert.MappingMongoConverter org.springframework.data.mongodb.config.AbstractMongoClientConfiguration.mappingMongoConverter(org.springframework.data.mongodb.MongoDatabaseFactory,org.springframework.data.mongodb.core.convert.MongoCustomConversions,org.springframework.data.mongodb.core.mapping.MongoMappingContext)]
	at org.springframework.beans.factory.support.ConstructorResolver.createArgumentArray(ConstructorResolver.java:802)
	at org.springframework.beans.factory.support.ConstructorResolver.autowireConstructor(ConstructorResolver.java:241)
	at org.springframework.beans.factory.support.AbstractAutowireCapableBeanFactory.autowireConstructor(AbstractAutowireCapableBeanFactory.java:1356)
	at org.springframework.beans.factory.support.AbstractAutowireCapableBeanFactory.createBeanInstance(AbstractAutowireCapableBeanFactory.java:1193)
	at org.springframework.beans.factory.support.AbstractAutowireCapableBeanFactory.doCreateBean(AbstractAutowireCapableBeanFactory.java:563)
	at org.springframework.beans.factory.support.AbstractAutowireCapableBeanFactory.createBean(AbstractAutowireCapableBeanFactory.java:523)
	at org.springframework.beans.factory.support.AbstractBeanFactory.lambda$doGetBean$0(AbstractBeanFactory.java:325)
	at org.springframework.beans.factory.support.DefaultSingletonBeanRegistry.getSingleton(DefaultSingletonBeanRegistry.java:234)
	at org.springframework.beans.factory.support.AbstractBeanFactory.doGetBean(AbstractBeanFactory.java:323)
	at org.springframework.beans.factory.support.AbstractBeanFactory.getBean(AbstractBeanFactory.java:199)
	at org.springframework.beans.factory.support.DefaultListableBeanFactory.preInstantiateSingletons(DefaultListableBeanFactory.java:973)
	at org.springframework.context.support.AbstractApplicationContext.finishBeanFactoryInitialization(AbstractApplicationContext.java:946)
	at org.springframework.context.support.AbstractApplicationContext.refresh(AbstractApplicationContext.java:616)
	at org.springframework.boot.web.servlet.context.ServletWebServerApplicationContext.refresh(ServletWebServerApplicationContext.java:146)
	at org.springframework.boot.SpringApplication.refresh(SpringApplication.java:753)
	at org.springframework.boot.SpringApplication.refreshContext(SpringApplication.java:455)
	at org.springframework.boot.SpringApplication.run(SpringApplication.java:323)
	at org.springframework.boot.SpringApplication.run(SpringApplication.java:1342)
	at org.springframework.boot.SpringApplication.run(SpringApplication.java:1331)
	at com.nepnhaxua.thucduong.ThucduongApplication.main(ThucduongApplication.java:10)
	at java.base/jdk.internal.reflect.DirectMethodHandleAccessor.invoke(DirectMethodHandleAccessor.java:103)
	at java.base/java.lang.reflect.Method.invoke(Method.java:580)
	at org.springframework.boot.devtools.restart.RestartLauncher.run(RestartLauncher.java:50)
Caused by: org.springframework.beans.factory.UnsatisfiedDependencyException: Error creating bean with name 'mongoTemplate' defined in class path resource [com/nepnhaxua/thucduong/config/MongoConfig.class]: Unsatisfied dependency expressed through method 'mongoTemplate' parameter 1: Error creating bean with name 'mappingMongoConverter' defined in class path resource [com/nepnhaxua/thucduong/config/MongoConfig.class]: Ambiguous factory method matches found on class [com.nepnhaxua.thucduong.config.MongoConfig] (hint: specify index/type/name arguments for simple parameters to avoid type ambiguities): [public org.springframework.data.mongodb.core.convert.MappingMongoConverter com.nepnhaxua.thucduong.config.MongoConfig.mappingMongoConverter(org.springframework.data.mongodb.MongoDatabaseFactory,org.springframework.data.mongodb.core.mapping.MongoMappingContext,org.springframework.data.mongodb.core.convert.MongoCustomConversions), public org.springframework.data.mongodb.core.convert.MappingMongoConverter org.springframework.data.mongodb.config.AbstractMongoClientConfiguration.mappingMongoConverter(org.springframework.data.mongodb.MongoDatabaseFactory,org.springframework.data.mongodb.core.convert.MongoCustomConversions,org.springframework.data.mongodb.core.mapping.MongoMappingContext)]
	at org.springframework.beans.factory.support.ConstructorResolver.createArgumentArray(ConstructorResolver.java:802)
	at org.springframework.beans.factory.support.ConstructorResolver.instantiateUsingFactoryMethod(ConstructorResolver.java:546)
	at org.springframework.beans.factory.support.AbstractAutowireCapableBeanFactory.instantiateUsingFactoryMethod(AbstractAutowireCapableBeanFactory.java:1336)
	at org.springframework.beans.factory.support.AbstractAutowireCapableBeanFactory.createBeanInstance(AbstractAutowireCapableBeanFactory.java:1166)
	at org.springframework.beans.factory.support.AbstractAutowireCapableBeanFactory.doCreateBean(AbstractAutowireCapableBeanFactory.java:563)
	at org.springframework.beans.factory.support.AbstractAutowireCapableBeanFactory.createBean(AbstractAutowireCapableBeanFactory.java:523)
	at org.springframework.beans.factory.support.AbstractBeanFactory.lambda$doGetBean$0(AbstractBeanFactory.java:325)
	at org.springframework.beans.factory.support.DefaultSingletonBeanRegistry.getSingleton(DefaultSingletonBeanRegistry.java:234)
	at org.springframework.beans.factory.support.AbstractBeanFactory.doGetBean(AbstractBeanFactory.java:323)
	at org.springframework.beans.factory.support.AbstractBeanFactory.getBean(AbstractBeanFactory.java:199)
	at org.springframework.beans.factory.config.DependencyDescriptor.resolveCandidate(DependencyDescriptor.java:254)
	at org.springframework.beans.factory.support.DefaultListableBeanFactory.doResolveDependency(DefaultListableBeanFactory.java:1441)
	at org.springframework.beans.factory.support.DefaultListableBeanFactory.resolveDependency(DefaultListableBeanFactory.java:1348)
	at org.springframework.beans.factory.support.ConstructorResolver.resolveAutowiredArgument(ConstructorResolver.java:911)
	at org.springframework.beans.factory.support.ConstructorResolver.createArgumentArray(ConstructorResolver.java:789)
	... 22 common frames omitted
Caused by: org.springframework.beans.factory.BeanCreationException: Error creating bean with name 'mappingMongoConverter' defined in class path resource [com/nepnhaxua/thucduong/config/MongoConfig.class]: Ambiguous factory method matches found on class [com.nepnhaxua.thucduong.config.MongoConfig] (hint: specify index/type/name arguments for simple parameters to avoid type ambiguities): [public org.springframework.data.mongodb.core.convert.MappingMongoConverter com.nepnhaxua.thucduong.config.MongoConfig.mappingMongoConverter(org.springframework.data.mongodb.MongoDatabaseFactory,org.springframework.data.mongodb.core.mapping.MongoMappingContext,org.springframework.data.mongodb.core.convert.MongoCustomConversions), public org.springframework.data.mongodb.core.convert.MappingMongoConverter org.springframework.data.mongodb.config.AbstractMongoClientConfiguration.mappingMongoConverter(org.springframework.data.mongodb.MongoDatabaseFactory,org.springframework.data.mongodb.core.convert.MongoCustomConversions,org.springframework.data.mongodb.core.mapping.MongoMappingContext)]
	at org.springframework.beans.factory.support.ConstructorResolver.instantiateUsingFactoryMethod(ConstructorResolver.java:632)
	at org.springframework.beans.factory.support.AbstractAutowireCapableBeanFactory.instantiateUsingFactoryMethod(AbstractAutowireCapableBeanFactory.java:1336)
	at org.springframework.beans.factory.support.AbstractAutowireCapableBeanFactory.createBeanInstance(AbstractAutowireCapableBeanFactory.java:1166)
	at org.springframework.beans.factory.support.AbstractAutowireCapableBeanFactory.doCreateBean(AbstractAutowireCapableBeanFactory.java:563)
	at org.springframework.beans.factory.support.AbstractAutowireCapableBeanFactory.createBean(AbstractAutowireCapableBeanFactory.java:523)
	at org.springframework.beans.factory.support.AbstractBeanFactory.lambda$doGetBean$0(AbstractBeanFactory.java:325)
	at org.springframework.beans.factory.support.DefaultSingletonBeanRegistry.getSingleton(DefaultSingletonBeanRegistry.java:234)
	at org.springframework.beans.factory.support.AbstractBeanFactory.doGetBean(AbstractBeanFactory.java:323)
	at org.springframework.beans.factory.support.AbstractBeanFactory.getBean(AbstractBeanFactory.java:199)
	at org.springframework.beans.factory.config.DependencyDescriptor.resolveCandidate(DependencyDescriptor.java:254)
	at org.springframework.beans.factory.support.DefaultListableBeanFactory.doResolveDependency(DefaultListableBeanFactory.java:1441)
	at org.springframework.beans.factory.support.DefaultListableBeanFactory.resolveDependency(DefaultListableBeanFactory.java:1348)
	at org.springframework.beans.factory.support.ConstructorResolver.resolveAutowiredArgument(ConstructorResolver.java:911)
	at org.springframework.beans.factory.support.ConstructorResolver.createArgumentArray(ConstructorResolver.java:789)
	... 36 common frames omitted
2025-08-11 00:05:49 [restartedMain] INFO  c.n.thucduong.ThucduongApplication - Starting ThucduongApplication using Java 23.0.1 with PID 24796 (C:\Users\ADMIN\OneDrive\Desktop\thucduong\target\classes started by ADMIN in C:\Users\ADMIN\OneDrive\Desktop\thucduong)
2025-08-11 00:05:49 [restartedMain] DEBUG c.n.thucduong.ThucduongApplication - Running with Spring Boot v3.2.0, Spring v6.1.1
2025-08-11 00:05:49 [restartedMain] INFO  c.n.thucduong.ThucduongApplication - No active profile set, falling back to 1 default profile: "default"
2025-08-11 00:05:49 [restartedMain] INFO  o.s.b.d.e.DevToolsPropertyDefaultsPostProcessor - Devtools property defaults active! Set 'spring.devtools.add-properties' to 'false' to disable
2025-08-11 00:05:49 [restartedMain] INFO  o.s.b.d.e.DevToolsPropertyDefaultsPostProcessor - For additional web related logging consider setting the 'logging.level.web' property to 'DEBUG'
2025-08-11 00:05:50 [restartedMain] INFO  o.s.d.r.c.RepositoryConfigurationDelegate - Multiple Spring Data modules found, entering strict repository configuration mode
2025-08-11 00:05:50 [restartedMain] INFO  o.s.d.r.c.RepositoryConfigurationDelegate - Bootstrapping Spring Data MongoDB repositories in DEFAULT mode.
2025-08-11 00:05:50 [restartedMain] INFO  o.s.d.r.c.RepositoryConfigurationDelegate - Finished Spring Data repository scanning in 85 ms. Found 3 MongoDB repository interfaces.
2025-08-11 00:05:50 [restartedMain] INFO  o.s.d.r.c.RepositoryConfigurationDelegate - Multiple Spring Data modules found, entering strict repository configuration mode
2025-08-11 00:05:50 [restartedMain] INFO  o.s.d.r.c.RepositoryConfigurationDelegate - Bootstrapping Spring Data Redis repositories in DEFAULT mode.
2025-08-11 00:05:50 [restartedMain] INFO  o.s.d.r.c.RepositoryConfigurationExtensionSupport - Spring Data Redis - Could not safely identify store assignment for repository candidate interface com.nepnhaxua.thucduong.repository.BodyHealthMapRepository; If you want this repository to be a Redis repository, consider annotating your entities with one of these annotations: org.springframework.data.redis.core.RedisHash (preferred), or consider extending one of the following types with your repository: org.springframework.data.keyvalue.repository.KeyValueRepository
2025-08-11 00:05:50 [restartedMain] INFO  o.s.d.r.c.RepositoryConfigurationExtensionSupport - Spring Data Redis - Could not safely identify store assignment for repository candidate interface com.nepnhaxua.thucduong.repository.ProductRepository; If you want this repository to be a Redis repository, consider annotating your entities with one of these annotations: org.springframework.data.redis.core.RedisHash (preferred), or consider extending one of the following types with your repository: org.springframework.data.keyvalue.repository.KeyValueRepository
2025-08-11 00:05:50 [restartedMain] INFO  o.s.d.r.c.RepositoryConfigurationExtensionSupport - Spring Data Redis - Could not safely identify store assignment for repository candidate interface com.nepnhaxua.thucduong.repository.UserRepository; If you want this repository to be a Redis repository, consider annotating your entities with one of these annotations: org.springframework.data.redis.core.RedisHash (preferred), or consider extending one of the following types with your repository: org.springframework.data.keyvalue.repository.KeyValueRepository
2025-08-11 00:05:50 [restartedMain] INFO  o.s.d.r.c.RepositoryConfigurationDelegate - Finished Spring Data repository scanning in 14 ms. Found 0 Redis repository interfaces.
2025-08-11 00:05:50 [restartedMain] INFO  o.s.b.w.e.tomcat.TomcatWebServer - Tomcat initialized with port 8080 (http)
2025-08-11 00:05:51 [restartedMain] INFO  o.a.catalina.core.StandardService - Starting service [Tomcat]
2025-08-11 00:05:51 [restartedMain] INFO  o.a.catalina.core.StandardEngine - Starting Servlet engine: [Apache Tomcat/10.1.16]
2025-08-11 00:05:51 [restartedMain] INFO  o.a.c.c.C.[.[localhost].[/api] - Initializing Spring embedded WebApplicationContext
2025-08-11 00:05:51 [restartedMain] INFO  o.s.b.w.s.c.ServletWebServerApplicationContext - Root WebApplicationContext: initialization completed in 1432 ms
2025-08-11 00:05:51 [restartedMain] INFO  org.mongodb.driver.client - MongoClient with metadata {"driver": {"name": "mongo-java-driver|sync", "version": "4.11.1"}, "os": {"type": "Windows", "name": "Windows 11", "architecture": "amd64", "version": "10.0"}, "platform": "Java/Oracle Corporation/23.0.1+11-39"} created with settings MongoClientSettings{readPreference=primary, writeConcern=WriteConcern{w=null, wTimeout=null ms, journal=null}, retryWrites=true, retryReads=true, readConcern=ReadConcern{level=null}, credential=MongoCredential{mechanism=null, userName='hiennnhe187362', source='admin', password=<hidden>, mechanismProperties=<hidden>}, transportSettings=null, streamFactoryFactory=null, commandListeners=[], codecRegistry=ProvidersCodecRegistry{codecProviders=[ValueCodecProvider{}, BsonValueCodecProvider{}, DBRefCodecProvider{}, DBObjectCodecProvider{}, DocumentCodecProvider{}, CollectionCodecProvider{}, IterableCodecProvider{}, MapCodecProvider{}, GeoJsonCodecProvider{}, GridFSFileCodecProvider{}, Jsr310CodecProvider{}, JsonObjectCodecProvider{}, BsonCodecProvider{}, EnumCodecProvider{}, com.mongodb.client.model.mql.ExpressionCodecProvider@6e874db0, com.mongodb.Jep395RecordCodecProvider@4c28c7d5, com.mongodb.KotlinCodecProvider@4f920744]}, loggerSettings=LoggerSettings{maxDocumentLength=1000}, clusterSettings={hosts=[127.0.0.1:27017], srvHost=cluster0.0kvjpzj.mongodb.net, srvServiceName=mongodb, mode=MULTIPLE, requiredClusterType=REPLICA_SET, requiredReplicaSetName='atlas-uqcm2c-shard-0', serverSelector='null', clusterListeners='[]', serverSelectionTimeout='30000 ms', localThreshold='15 ms'}, socketSettings=SocketSettings{connectTimeoutMS=5000, readTimeoutMS=5000, receiveBufferSize=0, proxySettings=ProxySettings{host=null, port=null, username=null, password=null}}, heartbeatSocketSettings=SocketSettings{connectTimeoutMS=5000, readTimeoutMS=5000, receiveBufferSize=0, proxySettings=ProxySettings{host=null, port=null, username=null, password=null}}, connectionPoolSettings=ConnectionPoolSettings{maxSize=100, minSize=10, maxWaitTimeMS=5000, maxConnectionLifeTimeMS=0, maxConnectionIdleTimeMS=10000, maintenanceInitialDelayMS=0, maintenanceFrequencyMS=60000, connectionPoolListeners=[], maxConnecting=2}, serverSettings=ServerSettings{heartbeatFrequencyMS=10000, minHeartbeatFrequencyMS=500, serverListeners='[]', serverMonitorListeners='[]'}, sslSettings=SslSettings{enabled=true, invalidHostNameAllowed=false, context=null}, applicationName='null', compressorList=[], uuidRepresentation=UNSPECIFIED, serverApi=null, autoEncryptionSettings=null, dnsClient=null, inetAddressResolver=null, contextProvider=null}
2025-08-11 00:05:51 [cluster-ClusterId{value='6898d16f1ea9771cc1bc92b4', description='null'}-srv-cluster0.0kvjpzj.mongodb.net] INFO  org.mongodb.driver.cluster - Adding discovered server ac-lilk9ia-shard-00-00.0kvjpzj.mongodb.net:27017 to client view of cluster
2025-08-11 00:05:51 [cluster-ClusterId{value='6898d16f1ea9771cc1bc92b4', description='null'}-srv-cluster0.0kvjpzj.mongodb.net] INFO  org.mongodb.driver.cluster - Adding discovered server ac-lilk9ia-shard-00-02.0kvjpzj.mongodb.net:27017 to client view of cluster
2025-08-11 00:05:51 [cluster-ClusterId{value='6898d16f1ea9771cc1bc92b4', description='null'}-srv-cluster0.0kvjpzj.mongodb.net] INFO  org.mongodb.driver.cluster - Adding discovered server ac-lilk9ia-shard-00-01.0kvjpzj.mongodb.net:27017 to client view of cluster
2025-08-11 00:05:51 [restartedMain] INFO  o.s.b.d.a.OptionalLiveReloadServer - LiveReload server is running on port 35729
2025-08-11 00:05:51 [restartedMain] WARN  o.s.b.w.s.c.AnnotationConfigServletWebServerApplicationContext - Exception encountered during context initialization - cancelling refresh attempt: org.springframework.beans.factory.UnsatisfiedDependencyException: Error creating bean with name 'healthMapController' defined in file [C:\Users\ADMIN\OneDrive\Desktop\thucduong\target\classes\com\nepnhaxua\thucduong\controller\HealthMapController.class]: Unsatisfied dependency expressed through constructor parameter 0: Error creating bean with name 'bodyHealthMapService' defined in file [C:\Users\ADMIN\OneDrive\Desktop\thucduong\target\classes\com\nepnhaxua\thucduong\service\BodyHealthMapService.class]: Unsatisfied dependency expressed through constructor parameter 1: Error creating bean with name 'productRepository' defined in com.nepnhaxua.thucduong.repository.ProductRepository defined in @EnableMongoRepositories declared on MongoConfig: Could not create query for public abstract org.springframework.data.domain.Page com.nepnhaxua.thucduong.repository.ProductRepository.searchProductsWithScore(java.lang.String,org.springframework.data.domain.Pageable); Reason: Repository aggregation method 'searchProductsWithScore' does not support 'Page' return type; Please use 'Slice' or 'List' instead
2025-08-11 00:05:51 [restartedMain] INFO  o.a.catalina.core.StandardService - Stopping service [Tomcat]
2025-08-11 00:05:51 [restartedMain] INFO  o.s.b.a.l.ConditionEvaluationReportLogger - 

Error starting ApplicationContext. To display the condition evaluation report re-run your application with 'debug' enabled.
2025-08-11 00:05:51 [restartedMain] ERROR o.s.boot.SpringApplication - Application run failed
org.springframework.beans.factory.UnsatisfiedDependencyException: Error creating bean with name 'healthMapController' defined in file [C:\Users\ADMIN\OneDrive\Desktop\thucduong\target\classes\com\nepnhaxua\thucduong\controller\HealthMapController.class]: Unsatisfied dependency expressed through constructor parameter 0: Error creating bean with name 'bodyHealthMapService' defined in file [C:\Users\ADMIN\OneDrive\Desktop\thucduong\target\classes\com\nepnhaxua\thucduong\service\BodyHealthMapService.class]: Unsatisfied dependency expressed through constructor parameter 1: Error creating bean with name 'productRepository' defined in com.nepnhaxua.thucduong.repository.ProductRepository defined in @EnableMongoRepositories declared on MongoConfig: Could not create query for public abstract org.springframework.data.domain.Page com.nepnhaxua.thucduong.repository.ProductRepository.searchProductsWithScore(java.lang.String,org.springframework.data.domain.Pageable); Reason: Repository aggregation method 'searchProductsWithScore' does not support 'Page' return type; Please use 'Slice' or 'List' instead
	at org.springframework.beans.factory.support.ConstructorResolver.createArgumentArray(ConstructorResolver.java:802)
	at org.springframework.beans.factory.support.ConstructorResolver.autowireConstructor(ConstructorResolver.java:241)
	at org.springframework.beans.factory.support.AbstractAutowireCapableBeanFactory.autowireConstructor(AbstractAutowireCapableBeanFactory.java:1356)
	at org.springframework.beans.factory.support.AbstractAutowireCapableBeanFactory.createBeanInstance(AbstractAutowireCapableBeanFactory.java:1193)
	at org.springframework.beans.factory.support.AbstractAutowireCapableBeanFactory.doCreateBean(AbstractAutowireCapableBeanFactory.java:563)
	at org.springframework.beans.factory.support.AbstractAutowireCapableBeanFactory.createBean(AbstractAutowireCapableBeanFactory.java:523)
	at org.springframework.beans.factory.support.AbstractBeanFactory.lambda$doGetBean$0(AbstractBeanFactory.java:325)
	at org.springframework.beans.factory.support.DefaultSingletonBeanRegistry.getSingleton(DefaultSingletonBeanRegistry.java:234)
	at org.springframework.beans.factory.support.AbstractBeanFactory.doGetBean(AbstractBeanFactory.java:323)
	at org.springframework.beans.factory.support.AbstractBeanFactory.getBean(AbstractBeanFactory.java:199)
	at org.springframework.beans.factory.support.DefaultListableBeanFactory.preInstantiateSingletons(DefaultListableBeanFactory.java:973)
	at org.springframework.context.support.AbstractApplicationContext.finishBeanFactoryInitialization(AbstractApplicationContext.java:946)
	at org.springframework.context.support.AbstractApplicationContext.refresh(AbstractApplicationContext.java:616)
	at org.springframework.boot.web.servlet.context.ServletWebServerApplicationContext.refresh(ServletWebServerApplicationContext.java:146)
	at org.springframework.boot.SpringApplication.refresh(SpringApplication.java:753)
	at org.springframework.boot.SpringApplication.refreshContext(SpringApplication.java:455)
	at org.springframework.boot.SpringApplication.run(SpringApplication.java:323)
	at org.springframework.boot.SpringApplication.run(SpringApplication.java:1342)
	at org.springframework.boot.SpringApplication.run(SpringApplication.java:1331)
	at com.nepnhaxua.thucduong.ThucduongApplication.main(ThucduongApplication.java:10)
	at java.base/jdk.internal.reflect.DirectMethodHandleAccessor.invoke(DirectMethodHandleAccessor.java:103)
	at java.base/java.lang.reflect.Method.invoke(Method.java:580)
	at org.springframework.boot.devtools.restart.RestartLauncher.run(RestartLauncher.java:50)
Caused by: org.springframework.beans.factory.UnsatisfiedDependencyException: Error creating bean with name 'bodyHealthMapService' defined in file [C:\Users\ADMIN\OneDrive\Desktop\thucduong\target\classes\com\nepnhaxua\thucduong\service\BodyHealthMapService.class]: Unsatisfied dependency expressed through constructor parameter 1: Error creating bean with name 'productRepository' defined in com.nepnhaxua.thucduong.repository.ProductRepository defined in @EnableMongoRepositories declared on MongoConfig: Could not create query for public abstract org.springframework.data.domain.Page com.nepnhaxua.thucduong.repository.ProductRepository.searchProductsWithScore(java.lang.String,org.springframework.data.domain.Pageable); Reason: Repository aggregation method 'searchProductsWithScore' does not support 'Page' return type; Please use 'Slice' or 'List' instead
	at org.springframework.beans.factory.support.ConstructorResolver.createArgumentArray(ConstructorResolver.java:802)
	at org.springframework.beans.factory.support.ConstructorResolver.autowireConstructor(ConstructorResolver.java:241)
	at org.springframework.beans.factory.support.AbstractAutowireCapableBeanFactory.autowireConstructor(AbstractAutowireCapableBeanFactory.java:1356)
	at org.springframework.beans.factory.support.AbstractAutowireCapableBeanFactory.createBeanInstance(AbstractAutowireCapableBeanFactory.java:1193)
	at org.springframework.beans.factory.support.AbstractAutowireCapableBeanFactory.doCreateBean(AbstractAutowireCapableBeanFactory.java:563)
	at org.springframework.beans.factory.support.AbstractAutowireCapableBeanFactory.createBean(AbstractAutowireCapableBeanFactory.java:523)
	at org.springframework.beans.factory.support.AbstractBeanFactory.lambda$doGetBean$0(AbstractBeanFactory.java:325)
	at org.springframework.beans.factory.support.DefaultSingletonBeanRegistry.getSingleton(DefaultSingletonBeanRegistry.java:234)
	at org.springframework.beans.factory.support.AbstractBeanFactory.doGetBean(AbstractBeanFactory.java:323)
	at org.springframework.beans.factory.support.AbstractBeanFactory.getBean(AbstractBeanFactory.java:199)
	at org.springframework.beans.factory.config.DependencyDescriptor.resolveCandidate(DependencyDescriptor.java:254)
	at org.springframework.beans.factory.support.DefaultListableBeanFactory.doResolveDependency(DefaultListableBeanFactory.java:1441)
	at org.springframework.beans.factory.support.DefaultListableBeanFactory.resolveDependency(DefaultListableBeanFactory.java:1348)
	at org.springframework.beans.factory.support.ConstructorResolver.resolveAutowiredArgument(ConstructorResolver.java:911)
	at org.springframework.beans.factory.support.ConstructorResolver.createArgumentArray(ConstructorResolver.java:789)
	... 22 common frames omitted
Caused by: org.springframework.beans.factory.BeanCreationException: Error creating bean with name 'productRepository' defined in com.nepnhaxua.thucduong.repository.ProductRepository defined in @EnableMongoRepositories declared on MongoConfig: Could not create query for public abstract org.springframework.data.domain.Page com.nepnhaxua.thucduong.repository.ProductRepository.searchProductsWithScore(java.lang.String,org.springframework.data.domain.Pageable); Reason: Repository aggregation method 'searchProductsWithScore' does not support 'Page' return type; Please use 'Slice' or 'List' instead
	at org.springframework.beans.factory.support.AbstractAutowireCapableBeanFactory.initializeBean(AbstractAutowireCapableBeanFactory.java:1775)
	at org.springframework.beans.factory.support.AbstractAutowireCapableBeanFactory.doCreateBean(AbstractAutowireCapableBeanFactory.java:601)
	at org.springframework.beans.factory.support.AbstractAutowireCapableBeanFactory.createBean(AbstractAutowireCapableBeanFactory.java:523)
	at org.springframework.beans.factory.support.AbstractBeanFactory.lambda$doGetBean$0(AbstractBeanFactory.java:325)
	at org.springframework.beans.factory.support.DefaultSingletonBeanRegistry.getSingleton(DefaultSingletonBeanRegistry.java:234)
	at org.springframework.beans.factory.support.AbstractBeanFactory.doGetBean(AbstractBeanFactory.java:323)
	at org.springframework.beans.factory.support.AbstractBeanFactory.getBean(AbstractBeanFactory.java:199)
	at org.springframework.beans.factory.config.DependencyDescriptor.resolveCandidate(DependencyDescriptor.java:254)
	at org.springframework.beans.factory.support.DefaultListableBeanFactory.doResolveDependency(DefaultListableBeanFactory.java:1441)
	at org.springframework.beans.factory.support.DefaultListableBeanFactory.resolveDependency(DefaultListableBeanFactory.java:1348)
	at org.springframework.beans.factory.support.ConstructorResolver.resolveAutowiredArgument(ConstructorResolver.java:911)
	at org.springframework.beans.factory.support.ConstructorResolver.createArgumentArray(ConstructorResolver.java:789)
	... 36 common frames omitted
Caused by: org.springframework.data.repository.query.QueryCreationException: Could not create query for public abstract org.springframework.data.domain.Page com.nepnhaxua.thucduong.repository.ProductRepository.searchProductsWithScore(java.lang.String,org.springframework.data.domain.Pageable); Reason: Repository aggregation method 'searchProductsWithScore' does not support 'Page' return type; Please use 'Slice' or 'List' instead
	at org.springframework.data.repository.query.QueryCreationException.create(QueryCreationException.java:101)
	at org.springframework.data.repository.core.support.QueryExecutorMethodInterceptor.lookupQuery(QueryExecutorMethodInterceptor.java:115)
	at org.springframework.data.repository.core.support.QueryExecutorMethodInterceptor.mapMethodsToQuery(QueryExecutorMethodInterceptor.java:99)
	at org.springframework.data.repository.core.support.QueryExecutorMethodInterceptor.lambda$new$0(QueryExecutorMethodInterceptor.java:88)
	at java.base/java.util.Optional.map(Optional.java:260)
	at org.springframework.data.repository.core.support.QueryExecutorMethodInterceptor.<init>(QueryExecutorMethodInterceptor.java:88)
	at org.springframework.data.repository.core.support.RepositoryFactorySupport.getRepository(RepositoryFactorySupport.java:357)
	at org.springframework.data.repository.core.support.RepositoryFactoryBeanSupport.lambda$afterPropertiesSet$5(RepositoryFactoryBeanSupport.java:279)
	at org.springframework.data.util.Lazy.getNullable(Lazy.java:135)
	at org.springframework.data.util.Lazy.get(Lazy.java:113)
	at org.springframework.data.repository.core.support.RepositoryFactoryBeanSupport.afterPropertiesSet(RepositoryFactoryBeanSupport.java:285)
	at org.springframework.data.mongodb.repository.support.MongoRepositoryFactoryBean.afterPropertiesSet(MongoRepositoryFactoryBean.java:101)
	at org.springframework.beans.factory.support.AbstractAutowireCapableBeanFactory.invokeInitMethods(AbstractAutowireCapableBeanFactory.java:1822)
	at org.springframework.beans.factory.support.AbstractAutowireCapableBeanFactory.initializeBean(AbstractAutowireCapableBeanFactory.java:1771)
	... 47 common frames omitted
Caused by: org.springframework.data.mongodb.InvalidMongoDbApiUsageException: Repository aggregation method 'searchProductsWithScore' does not support 'Page' return type; Please use 'Slice' or 'List' instead
	at org.springframework.data.mongodb.repository.query.StringBasedAggregation.<init>(StringBasedAggregation.java:72)
	at org.springframework.data.mongodb.repository.support.MongoRepositoryFactory$MongoQueryLookupStrategy.resolveQuery(MongoRepositoryFactory.java:203)
	at org.springframework.data.repository.core.support.QueryExecutorMethodInterceptor.lookupQuery(QueryExecutorMethodInterceptor.java:111)
	... 59 common frames omitted
